[debug] [2021-09-24T08:31:11.233Z] ----------------------------------------------------------------------
[debug] [2021-09-24T08:31:11.235Z] Command:       C:\Program Files\nodejs\node.exe C:\Users\oren\AppData\Roaming\npm\node_modules\firebase-tools\lib\bin\firebase.js deploy
[debug] [2021-09-24T08:31:11.235Z] CLI Version:   9.18.0
[debug] [2021-09-24T08:31:11.235Z] Platform:      win32
[debug] [2021-09-24T08:31:11.235Z] Node Version:  v14.17.0
[debug] [2021-09-24T08:31:11.236Z] Time:          Fri Sep 24 2021 11:31:11 GMT+0300 (Israel Daylight Time)
[debug] [2021-09-24T08:31:11.236Z] ----------------------------------------------------------------------
[debug] 
[debug] [2021-09-24T08:31:11.272Z] > command requires scopes: ["email","openid","https://www.googleapis.com/auth/cloudplatformprojects.readonly","https://www.googleapis.com/auth/firebase","https://www.googleapis.com/auth/cloud-platform"]
[debug] [2021-09-24T08:31:11.272Z] > authorizing via signed-in user (orensrauch@gmail.com)
[debug] [2021-09-24T08:31:11.272Z] [iam] checking project dana-teacher for permissions ["firebase.projects.get","firebasehosting.sites.update"]
[debug] [2021-09-24T08:31:11.274Z] >>> HTTP REQUEST POST https://cloudresourcemanager.googleapis.com/v1/projects/dana-teacher:testIamPermissions  
 {"permissions":["firebase.projects.get","firebasehosting.sites.update"]}
[debug] [2021-09-24T08:31:12.282Z] <<< HTTP RESPONSE 200 {"content-type":"application/json; charset=UTF-8","vary":"X-Origin, Referer, Origin,Accept-Encoding","date":"Fri, 24 Sep 2021 08:31:11 GMT","server":"ESF","cache-control":"private","x-xss-protection":"0","x-frame-options":"SAMEORIGIN","x-content-type-options":"nosniff","server-timing":"gfet4t7; dur=707","alt-svc":"h3=\":443\"; ma=2592000,h3-29=\":443\"; ma=2592000,h3-T051=\":443\"; ma=2592000,h3-Q050=\":443\"; ma=2592000,h3-Q046=\":443\"; ma=2592000,h3-Q043=\":443\"; ma=2592000,quic=\":443\"; ma=2592000; v=\"46,43\"","accept-ranges":"none","transfer-encoding":"chunked"}
[debug] [2021-09-24T08:31:12.283Z] [iam] error while checking permissions, command may fail: FirebaseError: Authorization failed. This account is missing the following required permissions on project dana-teacher:

  firebase.projects.get
  firebasehosting.sites.update
[debug] [2021-09-24T08:31:12.284Z] > refreshing access token with scopes: []
[debug] [2021-09-24T08:31:12.284Z] >>> HTTP REQUEST POST https://www.googleapis.com/oauth2/v3/token  
 <request body omitted>
[debug] [2021-09-24T08:31:12.517Z] <<< HTTP RESPONSE 200 {"expires":"Mon, 01 Jan 1990 00:00:00 GMT","cache-control":"no-cache, no-store, max-age=0, must-revalidate","pragma":"no-cache","date":"Fri, 24 Sep 2021 08:31:11 GMT","content-type":"application/json; charset=utf-8","vary":"X-Origin, Referer, Origin,Accept-Encoding","server":"scaffolding on HTTPServer2","x-xss-protection":"0","x-frame-options":"SAMEORIGIN","x-content-type-options":"nosniff","alt-svc":"h3=\":443\"; ma=2592000,h3-29=\":443\"; ma=2592000,h3-T051=\":443\"; ma=2592000,h3-Q050=\":443\"; ma=2592000,h3-Q046=\":443\"; ma=2592000,h3-Q043=\":443\"; ma=2592000,quic=\":443\"; ma=2592000; v=\"46,43\"","accept-ranges":"none","transfer-encoding":"chunked"}
[debug] [2021-09-24T08:31:12.527Z] >>> [apiv2][query] GET https://firebase.googleapis.com/v1beta1/projects/dana-teacher [none]
[debug] [2021-09-24T08:31:12.924Z] <<< [apiv2][status] GET https://firebase.googleapis.com/v1beta1/projects/dana-teacher 403
[debug] [2021-09-24T08:31:12.924Z] <<< [apiv2][body] GET https://firebase.googleapis.com/v1beta1/projects/dana-teacher {"error":{"code":403,"message":"The caller does not have permission","status":"PERMISSION_DENIED"}}
[debug] [2021-09-24T08:31:12.924Z] HTTP Error: 403, The caller does not have permission
[debug] [2021-09-24T08:31:13.152Z] FirebaseError: HTTP Error: 403, The caller does not have permission
    at module.exports (C:\Users\oren\AppData\Roaming\npm\node_modules\firebase-tools\lib\responseToError.js:38:12)
    at Client.doRequest (C:\Users\oren\AppData\Roaming\npm\node_modules\firebase-tools\lib\apiv2.js:238:23)
    at processTicksAndRejections (internal/process/task_queues.js:95:5)
    at async Client.request (C:\Users\oren\AppData\Roaming\npm\node_modules\firebase-tools\lib\apiv2.js:96:20)
    at async Object.getFirebaseProject (C:\Users\oren\AppData\Roaming\npm\node_modules\firebase-tools\lib\management\projects.js:290:21)
    at async Object.getDefaultHostingSite (C:\Users\oren\AppData\Roaming\npm\node_modules\firebase-tools\lib\getDefaultHostingSite.js:8:21)
    at async requireHostingSite (C:\Users\oren\AppData\Roaming\npm\node_modules\firebase-tools\lib\requireHostingSite.js:9:18)
    at async Object.fn (C:\Users\oren\AppData\Roaming\npm\node_modules\firebase-tools\lib\commands\deploy.js:65:9)
    at async C:\Users\oren\AppData\Roaming\npm\node_modules\firebase-tools\lib\command.js:188:17
[error] 
[error] Error: Failed to get Firebase project dana-teacher. Please make sure the project exists and your account has permission to access it.
[debug] [2021-09-24T08:31:26.160Z] ----------------------------------------------------------------------
[debug] [2021-09-24T08:31:26.161Z] Command:       C:\Program Files\nodejs\node.exe C:\Users\oren\AppData\Roaming\npm\node_modules\firebase-tools\lib\bin\firebase.js init
[debug] [2021-09-24T08:31:26.162Z] CLI Version:   9.18.0
[debug] [2021-09-24T08:31:26.162Z] Platform:      win32
[debug] [2021-09-24T08:31:26.162Z] Node Version:  v14.17.0
[debug] [2021-09-24T08:31:26.162Z] Time:          Fri Sep 24 2021 11:31:26 GMT+0300 (Israel Daylight Time)
[debug] [2021-09-24T08:31:26.162Z] ----------------------------------------------------------------------
[debug] 
[debug] [2021-09-24T08:31:26.197Z] > command requires scopes: ["email","openid","https://www.googleapis.com/auth/cloudplatformprojects.readonly","https://www.googleapis.com/auth/firebase","https://www.googleapis.com/auth/cloud-platform"]
[debug] [2021-09-24T08:31:26.197Z] > authorizing via signed-in user (orensrauch@gmail.com)
[info] 
     ######## #### ########  ######## ########     ###     ######  ########
     ##        ##  ##     ## ##       ##     ##  ##   ##  ##       ##
     ######    ##  ########  ######   ########  #########  ######  ######
     ##        ##  ##    ##  ##       ##     ## ##     ##       ## ##
     ##       #### ##     ## ######## ########  ##     ##  ######  ########

You're about to initialize a Firebase project in this directory:

  C:\1. development\teacher\dana-teacher

Before we get started, keep in mind:

  * You are currently outside your home directory
  * You are initializing within an existing Firebase project directory

